0 info it worked if it ends with ok
1 verbose cli [ 'node',
1 verbose cli   '/usr/local/bin/npm',
1 verbose cli   'install',
1 verbose cli   '-g',
1 verbose cli   'functional-javascript-workshop@latest' ]
2 info using npm@2.11.3
3 info using node@v0.12.7
4 verbose install initial load of /usr/local/lib/package.json
5 verbose readDependencies loading dependencies from /usr/local/lib/package.json
6 silly cache add args [ 'functional-javascript-workshop@latest', null ]
7 verbose cache add spec functional-javascript-workshop@latest
8 silly cache add parsed spec { raw: 'functional-javascript-workshop@latest',
8 silly cache add   scope: null,
8 silly cache add   name: 'functional-javascript-workshop',
8 silly cache add   rawSpec: 'latest',
8 silly cache add   spec: 'latest',
8 silly cache add   type: 'tag' }
9 silly addNamed functional-javascript-workshop@latest
10 verbose addNamed "latest" is being treated as a dist-tag for functional-javascript-workshop
11 info addNameTag [ 'functional-javascript-workshop', 'latest' ]
12 silly mapToRegistry name functional-javascript-workshop
13 silly mapToRegistry using default registry
14 silly mapToRegistry registry https://registry.npmjs.org/
15 silly mapToRegistry uri https://registry.npmjs.org/functional-javascript-workshop
16 verbose addNameTag registry:https://registry.npmjs.org/functional-javascript-workshop not in flight; fetching
17 verbose request uri https://registry.npmjs.org/functional-javascript-workshop
18 verbose request no auth needed
19 info attempt registry request try #1 at 10:44:48 AM
20 verbose request id 38b0a892bc6dac6f
21 http request GET https://registry.npmjs.org/functional-javascript-workshop
22 http 200 https://registry.npmjs.org/functional-javascript-workshop
23 silly get cb [ 200,
23 silly get   { server: 'CouchDB/1.5.0 (Erlang OTP/R16B03)',
23 silly get     etag: '"41I0B4OQ17E6UZAJGRF6NCJMH"',
23 silly get     'content-type': 'application/json',
23 silly get     'cache-control': 'max-age=60',
23 silly get     'content-length': '32256',
23 silly get     'accept-ranges': 'bytes',
23 silly get     date: 'Thu, 29 Oct 2015 17:44:48 GMT',
23 silly get     via: '1.1 varnish',
23 silly get     age: '0',
23 silly get     connection: 'keep-alive',
23 silly get     'x-served-by': 'cache-ord1729-ORD',
23 silly get     'x-cache': 'MISS',
23 silly get     'x-cache-hits': '0',
23 silly get     'x-timer': 'S1446140688.506332,VS0,VE132',
23 silly get     vary: 'Accept' } ]
24 verbose get saving functional-javascript-workshop to /Users/hridhya/.npm/registry.npmjs.org/functional-javascript-workshop/.cache.json
25 silly addNameTag next cb for functional-javascript-workshop with tag latest
26 silly addNamed functional-javascript-workshop@1.0.2
27 verbose addNamed "1.0.2" is a plain semver version for functional-javascript-workshop
28 silly mapToRegistry name functional-javascript-workshop
29 silly mapToRegistry using default registry
30 silly mapToRegistry registry https://registry.npmjs.org/
31 silly mapToRegistry uri https://registry.npmjs.org/functional-javascript-workshop
32 verbose addRemoteTarball https://registry.npmjs.org/functional-javascript-workshop/-/functional-javascript-workshop-1.0.2.tgz not in flight; adding
33 verbose addRemoteTarball [ 'https://registry.npmjs.org/functional-javascript-workshop/-/functional-javascript-workshop-1.0.2.tgz',
33 verbose addRemoteTarball   'd60bf9ad15d1a19c3863f9e58a619ad9c43d1293' ]
34 info retry fetch attempt 1 at 10:44:49 AM
35 info attempt registry request try #1 at 10:44:49 AM
36 http fetch GET https://registry.npmjs.org/functional-javascript-workshop/-/functional-javascript-workshop-1.0.2.tgz
37 http fetch 200 https://registry.npmjs.org/functional-javascript-workshop/-/functional-javascript-workshop-1.0.2.tgz
38 silly fetchAndShaCheck shasum d60bf9ad15d1a19c3863f9e58a619ad9c43d1293
39 verbose addTmpTarball /var/folders/q5/cx3lsfmn6tz8l3fv26_606mh0000gp/T/npm-42741-e1e1bce7/registry.npmjs.org/functional-javascript-workshop/-/functional-javascript-workshop-1.0.2.tgz not in flight; adding
40 verbose addTmpTarball already have metadata; skipping unpack for functional-javascript-workshop@1.0.2
41 silly cache afterAdd functional-javascript-workshop@1.0.2
42 verbose afterAdd /Users/hridhya/.npm/functional-javascript-workshop/1.0.2/package/package.json not in flight; writing
43 verbose afterAdd /Users/hridhya/.npm/functional-javascript-workshop/1.0.2/package/package.json written
44 silly install resolved [ { name: 'functional-javascript-workshop',
44 silly install resolved     version: '1.0.2',
44 silly install resolved     description: 'The basics of functional programming in JavaScript. No libraries required.',
44 silly install resolved     main: 'index.js',
44 silly install resolved     bin:
44 silly install resolved      { 'functional-javascript': 'functional-javascript.js',
44 silly install resolved        'functional-javascript-workshop': 'functional-javascript.js' },
44 silly install resolved     scripts: {},
44 silly install resolved     keywords: [ 'workshopper', 'tutorial', 'lesson' ],
44 silly install resolved     author: { name: 'Tim Oxley' },
44 silly install resolved     license: 'MIT',
44 silly install resolved     dependencies:
44 silly install resolved      { 'deep-eql': '^0.1.3',
44 silly install resolved        'lorem-ipsum': '^1.0.1',
44 silly install resolved        workshopper: '^2.3.1',
44 silly install resolved        'workshopper-exercise': '^2.3.0' },
44 silly install resolved     repository:
44 silly install resolved      { type: 'git',
44 silly install resolved        url: 'git+https://github.com/timoxley/functional-javascript-workshop.git' },
44 silly install resolved     bugs: { url: 'https://github.com/timoxley/functional-javascript-workshop/issues' },
44 silly install resolved     homepage: 'https://github.com/timoxley/functional-javascript-workshop',
44 silly install resolved     gitHead: '42bea9577efd0bb6f382be3e70e510d2a2d30f72',
44 silly install resolved     _id: 'functional-javascript-workshop@1.0.2',
44 silly install resolved     _shasum: 'd60bf9ad15d1a19c3863f9e58a619ad9c43d1293',
44 silly install resolved     _from: 'functional-javascript-workshop@latest',
44 silly install resolved     _npmVersion: '2.11.1',
44 silly install resolved     _nodeVersion: '2.3.0',
44 silly install resolved     _npmUser: { name: 'timoxley', email: 'secoif@gmail.com' },
44 silly install resolved     maintainers: [ [Object] ],
44 silly install resolved     dist:
44 silly install resolved      { shasum: 'd60bf9ad15d1a19c3863f9e58a619ad9c43d1293',
44 silly install resolved        tarball: 'http://registry.npmjs.org/functional-javascript-workshop/-/functional-javascript-workshop-1.0.2.tgz' },
44 silly install resolved     directories: {},
44 silly install resolved     _resolved: 'https://registry.npmjs.org/functional-javascript-workshop/-/functional-javascript-workshop-1.0.2.tgz' } ]
45 info install functional-javascript-workshop@1.0.2 into /usr/local/lib
46 info installOne functional-javascript-workshop@1.0.2
47 verbose installOne of functional-javascript-workshop to /usr/local/lib not in flight; installing
48 verbose lock using /Users/hridhya/.npm/_locks/functional-javascript-wo-0366b0291caac6b3.lock for /usr/local/lib/node_modules/functional-javascript-workshop
49 silly install write writing functional-javascript-workshop 1.0.2 to /usr/local/lib/node_modules/functional-javascript-workshop
50 verbose unbuild lib/node_modules/functional-javascript-workshop
51 silly gentlyRm /usr/local/lib/node_modules/functional-javascript-workshop is being purged from base /usr/local
52 verbose gentlyRm don't care about contents; nuking /usr/local/lib/node_modules/functional-javascript-workshop
53 verbose tar unpack /Users/hridhya/.npm/functional-javascript-workshop/1.0.2/package.tgz
54 verbose tar unpacking to /usr/local/lib/node_modules/functional-javascript-workshop
55 silly gentlyRm /usr/local/lib/node_modules/functional-javascript-workshop is being purged
56 verbose gentlyRm don't care about contents; nuking /usr/local/lib/node_modules/functional-javascript-workshop
57 silly gunzTarPerm modes [ '755', '644' ]
58 error tar.unpack untar error /Users/hridhya/.npm/functional-javascript-workshop/1.0.2/package.tgz
59 verbose unlock done using /Users/hridhya/.npm/_locks/functional-javascript-wo-0366b0291caac6b3.lock for /usr/local/lib/node_modules/functional-javascript-workshop
60 verbose fstream_path /usr/local/lib/node_modules/functional-javascript-workshop
61 verbose fstream_type Directory
62 verbose fstream_class DirWriter
63 verbose stack Error: EACCES, mkdir '/usr/local/lib/node_modules/functional-javascript-workshop'
63 verbose stack     at Error (native)
64 verbose fstream_stack /usr/local/lib/node_modules/npm/node_modules/fstream/lib/dir-writer.js:35:25
64 verbose fstream_stack /usr/local/lib/node_modules/npm/node_modules/mkdirp/index.js:47:53
64 verbose fstream_stack FSReqWrap.oncomplete (fs.js:95:15)
65 verbose cwd /Users/hridhya/git_projects/js_programs
66 error Darwin 13.4.0
67 error argv "node" "/usr/local/bin/npm" "install" "-g" "functional-javascript-workshop@latest"
68 error node v0.12.7
69 error npm  v2.11.3
70 error path /usr/local/lib/node_modules/functional-javascript-workshop
71 error code EACCES
72 error errno -13
73 error Error: EACCES, mkdir '/usr/local/lib/node_modules/functional-javascript-workshop'
73 error     at Error (native)
73 error  { [Error: EACCES, mkdir '/usr/local/lib/node_modules/functional-javascript-workshop']
73 error   errno: -13,
73 error   code: 'EACCES',
73 error   path: '/usr/local/lib/node_modules/functional-javascript-workshop',
73 error   fstream_type: 'Directory',
73 error   fstream_path: '/usr/local/lib/node_modules/functional-javascript-workshop',
73 error   fstream_class: 'DirWriter',
73 error   fstream_stack:
73 error    [ '/usr/local/lib/node_modules/npm/node_modules/fstream/lib/dir-writer.js:35:25',
73 error      '/usr/local/lib/node_modules/npm/node_modules/mkdirp/index.js:47:53',
73 error      'FSReqWrap.oncomplete (fs.js:95:15)' ] }
74 error Please try running this command again as root/Administrator.
75 verbose exit [ -13, true ]
76 verbose unbuild lib/node_modules/functional-javascript-workshop
77 silly gentlyRm /usr/local/lib/node_modules/functional-javascript-workshop is being purged from base /usr/local
78 verbose gentlyRm don't care about contents; nuking /usr/local/lib/node_modules/functional-javascript-workshop
